<?xml version="1.0" encoding="UTF-8"?>
<coverage generated="1618246737728" clover="3.2.0">
  <project timestamp="1618246737729" name="All files">
    <metrics statements="16" coveredstatements="13" conditionals="6" coveredconditionals="5" methods="5" coveredmethods="4" elements="27" coveredelements="22" complexity="0" loc="16" ncloc="16" packages="1" files="2" classes="2"/>
    <file name="Like.js" path="D:\Aaron\Documents\FutureProof\LAP3\music_app\src\components\Like.js">
      <metrics statements="6" coveredstatements="6" conditionals="4" coveredconditionals="4" methods="2" coveredmethods="2"/>
      <line num="3" count="1" type="stmt"/>
      <line num="4" count="5" type="stmt"/>
      <line num="6" count="5" type="stmt"/>
      <line num="7" count="2" type="stmt"/>
      <line num="8" count="2" type="stmt"/>
      <line num="11" count="5" type="stmt"/>
    </file>
    <file name="Welcome.js" path="D:\Aaron\Documents\FutureProof\LAP3\music_app\src\components\Welcome.js">
      <metrics statements="10" coveredstatements="7" conditionals="2" coveredconditionals="1" methods="3" coveredmethods="2"/>
      <line num="3" count="1" type="stmt"/>
      <line num="4" count="7" type="stmt"/>
      <line num="5" count="7" type="stmt"/>
      <line num="7" count="7" type="stmt"/>
      <line num="8" count="5" type="stmt"/>
      <line num="11" count="7" type="stmt"/>
      <line num="12" count="0" type="stmt"/>
      <line num="13" count="0" type="stmt"/>
      <line num="14" count="0" type="stmt"/>
      <line num="17" count="7" type="stmt"/>
    </file>
  </project>
</coverage>
