{"D:\\Aaron\\Documents\\FutureProof\\LAP3\\music_app\\src\\components\\Like.js": {"path":"D:\\Aaron\\Documents\\FutureProof\\LAP3\\music_app\\src\\components\\Like.js","statementMap":{"0":{"start":{"line":3,"column":13},"end":{"line":14,"column":1}},"1":{"start":{"line":4,"column":28},"end":{"line":4,"column":43}},"2":{"start":{"line":6,"column":21},"end":{"line":9,"column":3}},"3":{"start":{"line":7,"column":4},"end":{"line":7,"column":24}},"4":{"start":{"line":8,"column":4},"end":{"line":8,"column":21}},"5":{"start":{"line":11,"column":2},"end":{"line":13,"column":3}}},"fnMap":{"0":{"name":"(anonymous_0)","decl":{"start":{"line":3,"column":13},"end":{"line":3,"column":14}},"loc":{"start":{"line":3,"column":19},"end":{"line":14,"column":1}},"line":3},"1":{"name":"(anonymous_1)","decl":{"start":{"line":6,"column":21},"end":{"line":6,"column":22}},"loc":{"start":{"line":6,"column":28},"end":{"line":9,"column":3}},"line":6}},"branchMap":{"0":{"loc":{"start":{"line":12,"column":58},"end":{"line":12,"column":82}},"type":"cond-expr","locations":[{"start":{"line":12,"column":66},"end":{"line":12,"column":72}},{"start":{"line":12,"column":75},"end":{"line":12,"column":82}}],"line":12},"1":{"loc":{"start":{"line":12,"column":96},"end":{"line":12,"column":181}},"type":"cond-expr","locations":[{"start":{"line":12,"column":104},"end":{"line":12,"column":140}},{"start":{"line":12,"column":143},"end":{"line":12,"column":181}}],"line":12}},"s":{"0":1,"1":5,"2":5,"3":2,"4":2,"5":5},"f":{"0":5,"1":2},"b":{"0":[2,3],"1":[2,3]},"_coverageSchema":"1a1c01bbd47fc00a2c39e90264f33305004495a9","hash":"ce37680d458cc82a222ad721cd501fe23c3eb85a"}
,"D:\\Aaron\\Documents\\FutureProof\\LAP3\\music_app\\src\\components\\Welcome.js": {"path":"D:\\Aaron\\Documents\\FutureProof\\LAP3\\music_app\\src\\components\\Welcome.js","statementMap":{"0":{"start":{"line":3,"column":16},"end":{"line":26,"column":1}},"1":{"start":{"line":4,"column":26},"end":{"line":4,"column":46}},"2":{"start":{"line":5,"column":36},"end":{"line":5,"column":48}},"3":{"start":{"line":7,"column":22},"end":{"line":9,"column":3}},"4":{"start":{"line":8,"column":4},"end":{"line":8,"column":33}},"5":{"start":{"line":11,"column":27},"end":{"line":15,"column":3}},"6":{"start":{"line":12,"column":4},"end":{"line":12,"column":23}},"7":{"start":{"line":13,"column":4},"end":{"line":13,"column":23}},"8":{"start":{"line":14,"column":4},"end":{"line":14,"column":21}},"9":{"start":{"line":17,"column":2},"end":{"line":25,"column":4}}},"fnMap":{"0":{"name":"(anonymous_0)","decl":{"start":{"line":3,"column":16},"end":{"line":3,"column":17}},"loc":{"start":{"line":3,"column":22},"end":{"line":26,"column":1}},"line":3},"1":{"name":"(anonymous_1)","decl":{"start":{"line":7,"column":22},"end":{"line":7,"column":23}},"loc":{"start":{"line":7,"column":29},"end":{"line":9,"column":3}},"line":7},"2":{"name":"(anonymous_2)","decl":{"start":{"line":11,"column":27},"end":{"line":11,"column":28}},"loc":{"start":{"line":11,"column":34},"end":{"line":15,"column":3}},"line":11}},"branchMap":{"0":{"loc":{"start":{"line":23,"column":73},"end":{"line":23,"column":97}},"type":"cond-expr","locations":[{"start":{"line":23,"column":80},"end":{"line":23,"column":84}},{"start":{"line":23,"column":87},"end":{"line":23,"column":97}}],"line":23}},"s":{"0":1,"1":7,"2":7,"3":7,"4":5,"5":7,"6":0,"7":0,"8":0,"9":7},"f":{"0":7,"1":5,"2":0},"b":{"0":[7,0]},"_coverageSchema":"1a1c01bbd47fc00a2c39e90264f33305004495a9","hash":"669dc35eb60c251f54d09cb3919979e7464574d4"}
}
