TN:
SF:src\components\Like.js
FN:3,(anonymous_0)
FN:6,(anonymous_1)
FNF:2
FNH:2
FNDA:5,(anonymous_0)
FNDA:2,(anonymous_1)
DA:3,1
DA:4,5
DA:6,5
DA:7,2
DA:8,2
DA:11,5
LF:6
LH:6
BRDA:12,0,0,2
BRDA:12,0,1,3
BRDA:12,1,0,2
BRDA:12,1,1,3
BRF:4
BRH:4
end_of_record
TN:
SF:src\components\Welcome.js
FN:3,(anonymous_0)
FN:7,(anonymous_1)
FN:11,(anonymous_2)
FNF:3
FNH:2
FNDA:7,(anonymous_0)
FNDA:5,(anonymous_1)
FNDA:0,(anonymous_2)
DA:3,1
DA:4,7
DA:5,7
DA:7,7
DA:8,5
DA:11,7
DA:12,0
DA:13,0
DA:14,0
DA:17,7
LF:10
LH:7
BRDA:23,0,0,7
BRDA:23,0,1,0
BRF:2
BRH:1
end_of_record
